<?xml version="1.0" encoding="UTF-8"?>
<testng-results skipped="0" failed="0" ignored="0" total="1" passed="1">
  <reporter-output>
  </reporter-output>
  <suite name="Default suite" duration-ms="4794" started-at="2021-07-03T16:18:44Z" finished-at="2021-07-03T16:18:49Z">
    <groups>
    </groups>
    <test name="Default test" duration-ms="4794" started-at="2021-07-03T16:18:44Z" finished-at="2021-07-03T16:18:49Z">
      <class name="test.MonthDropDownTest">
        <test-method status="PASS" signature="monthDropDown()[pri:0, instance:test.MonthDropDownTest@12d4bf7e]" name="monthDropDown" duration-ms="4736" started-at="2021-07-03T16:18:44Z" finished-at="2021-07-03T16:18:49Z">
          <reporter-output>
          </reporter-output>
        </test-method> <!-- monthDropDown -->
      </class> <!-- test.MonthDropDownTest -->
    </test> <!-- Default test -->
  </suite> <!-- Default suite -->
</testng-results>
